This file contains any messages produced by compilers while
running configure, to aid debugging if configure makes a mistake.

It was created by configure, which was
generated by GNU Autoconf 2.59.  Invocation command line was

  $ ./configure --prefix=/home/users/satre/biocreative/data/IAT/crfsuite-0.11 --with-liblbfgs=/home/users/satre/biocreative/data/IAT/liblbfgs-1.9/

## --------- ##
## Platform. ##
## --------- ##

hostname = mason10.is.s.u-tokyo.ac.jp
uname -m = x86_64
uname -r = 2.6.9-22.ELsmp
uname -s = Linux
uname -v = #1 SMP Sat Oct 8 21:32:36 BST 2005

/usr/bin/uname -p = unknown
/bin/uname -X     = unknown

/bin/arch              = x86_64
/usr/bin/arch -k       = unknown
/usr/convex/getsysinfo = unknown
hostinfo               = unknown
/bin/machine           = unknown
/usr/bin/oslevel       = unknown
/bin/universe          = unknown

PATH: /works/mason9a/sge6.2/bin/lx24-amd64
PATH: .
PATH: /home/users/satre/python/bin
PATH: /usr/local/enju/enju-2.3.1/
PATH: /home/users/satre/src/gdep-beta1
PATH: /home/users/satre/src/geniatagger-3.0.1/
PATH: /home/users/sebastian/projects/thebeast/bin/
PATH: /home/users/sebastian/usr/bin
PATH: /home/users/satre/Timbl5
PATH: /home/users/satre/bin
PATH: /usr/local/gcc/bin/
PATH: /usr/local/java/bin/
PATH: /usr/local/svn/umaskbin
PATH: /usr/local/svn/bin
PATH: /usr/local/BerkeleyDB/bin/
PATH: /works/mason9a/sge6.2/bin/lx24-amd64
PATH: .
PATH: /home/users/satre/python/bin
PATH: /usr/local/enju/enju-2.3.1/
PATH: /home/users/satre/src/gdep-beta1
PATH: /home/users/satre/src/geniatagger-3.0.1/
PATH: /home/users/sebastian/projects/thebeast/bin/
PATH: /home/users/sebastian/usr/bin
PATH: /home/users/satre/Timbl5
PATH: /home/users/satre/bin
PATH: /usr/local/gcc/bin/
PATH: /usr/local/java/bin/
PATH: /usr/local/svn/umaskbin
PATH: /usr/local/svn/bin
PATH: /usr/local/BerkeleyDB/bin/
PATH: /usr/lib64/qt-3.3/bin
PATH: /usr/kerberos/bin
PATH: /usr/lib64/ccache/bin
PATH: /usr/local/bin
PATH: /bin
PATH: /usr/bin
PATH: /usr/X11R6/bin


## ----------- ##
## Core tests. ##
## ----------- ##

configure:1537: checking build system type
configure:1555: result: x86_64-redhat-linux-gnu
configure:1563: checking host system type
configure:1577: result: x86_64-redhat-linux-gnu
configure:1631: checking for gcc
configure:1647: found /usr/local/gcc/bin//gcc
configure:1657: result: gcc
configure:1901: checking for C compiler version
configure:1904: gcc --version </dev/null >&5
gcc (GCC) 4.3.0
Copyright (C) 2008 Free Software Foundation, Inc.
This is free software; see the source for copying conditions.  There is NO
warranty; not even for MERCHANTABILITY or FITNESS FOR A PARTICULAR PURPOSE.

configure:1907: $? = 0
configure:1909: gcc -v </dev/null >&5
Using built-in specs.
Target: x86_64-unknown-linux-gnu
Configured with: ../configure --prefix=/usr/local/gcc/gcc-4.3.0 --with-gmp=/usr/local --with-mpfr=/usr/local
Thread model: posix
gcc version 4.3.0 (GCC) 
configure:1912: $? = 0
configure:1914: gcc -V </dev/null >&5
gcc: '-V' option must have argument
configure:1917: $? = 1
configure:1940: checking for C compiler default output file name
configure:1943: gcc    conftest.c  >&5
configure:1946: $? = 0
configure:1992: result: a.out
configure:1997: checking whether the C compiler works
configure:2003: ./a.out
configure:2006: $? = 0
configure:2023: result: yes
configure:2030: checking whether we are cross compiling
configure:2032: result: no
configure:2035: checking for suffix of executables
configure:2037: gcc -o conftest    conftest.c  >&5
configure:2040: $? = 0
configure:2065: result: 
configure:2071: checking for suffix of object files
configure:2092: gcc -c   conftest.c >&5
configure:2095: $? = 0
configure:2117: result: o
configure:2121: checking whether we are using the GNU C compiler
configure:2145: gcc -c   conftest.c >&5
configure:2151: $? = 0
configure:2155: test -z 
			 || test ! -s conftest.err
configure:2158: $? = 0
configure:2161: test -s conftest.o
configure:2164: $? = 0
configure:2177: result: yes
configure:2183: checking whether gcc accepts -g
configure:2204: gcc -c -g  conftest.c >&5
configure:2210: $? = 0
configure:2214: test -z 
			 || test ! -s conftest.err
configure:2217: $? = 0
configure:2220: test -s conftest.o
configure:2223: $? = 0
configure:2234: result: yes
configure:2251: checking for gcc option to accept ANSI C
configure:2321: gcc  -c -g -O2  conftest.c >&5
configure:2327: $? = 0
configure:2331: test -z 
			 || test ! -s conftest.err
configure:2334: $? = 0
configure:2337: test -s conftest.o
configure:2340: $? = 0
configure:2358: result: none needed
configure:2376: gcc -c -g -O2  conftest.c >&5
conftest.c:2: error: expected '=', ',', ';', 'asm' or '__attribute__' before 'me'
configure:2382: $? = 1
configure: failed program was:
| #ifndef __cplusplus
|   choke me
| #endif
configure:2521: checking how to run the C preprocessor
configure:2556: gcc -E  conftest.c
configure:2562: $? = 0
configure:2594: gcc -E  conftest.c
conftest.c:9:28: error: ac_nonexistent.h: No such file or directory
configure:2600: $? = 1
configure: failed program was:
| /* confdefs.h.  */
| 
| #define PACKAGE_NAME ""
| #define PACKAGE_TARNAME ""
| #define PACKAGE_VERSION ""
| #define PACKAGE_STRING ""
| #define PACKAGE_BUGREPORT ""
| /* end confdefs.h.  */
| #include <ac_nonexistent.h>
configure:2639: result: gcc -E
configure:2663: gcc -E  conftest.c
configure:2669: $? = 0
configure:2701: gcc -E  conftest.c
conftest.c:9:28: error: ac_nonexistent.h: No such file or directory
configure:2707: $? = 1
configure: failed program was:
| /* confdefs.h.  */
| 
| #define PACKAGE_NAME ""
| #define PACKAGE_TARNAME ""
| #define PACKAGE_VERSION ""
| #define PACKAGE_STRING ""
| #define PACKAGE_BUGREPORT ""
| /* end confdefs.h.  */
| #include <ac_nonexistent.h>
configure:2751: checking for egrep
configure:2761: result: grep -E
configure:2767: checking for AIX
configure:2789: result: no
configure:2795: checking for ANSI C header files
configure:2820: gcc -c -g -O2  conftest.c >&5
configure:2826: $? = 0
configure:2830: test -z 
			 || test ! -s conftest.err
configure:2833: $? = 0
configure:2836: test -s conftest.o
configure:2839: $? = 0
configure:2928: gcc -o conftest -g -O2   conftest.c  >&5
conftest.c: In function 'main':
conftest.c:26: warning: incompatible implicit declaration of built-in function 'exit'
configure:2931: $? = 0
configure:2933: ./conftest
configure:2936: $? = 0
configure:2951: result: yes
configure:2975: checking for sys/types.h
configure:2991: gcc -c -g -O2  conftest.c >&5
configure:2997: $? = 0
configure:3001: test -z 
			 || test ! -s conftest.err
configure:3004: $? = 0
configure:3007: test -s conftest.o
configure:3010: $? = 0
configure:3021: result: yes
configure:2975: checking for sys/stat.h
configure:2991: gcc -c -g -O2  conftest.c >&5
configure:2997: $? = 0
configure:3001: test -z 
			 || test ! -s conftest.err
configure:3004: $? = 0
configure:3007: test -s conftest.o
configure:3010: $? = 0
configure:3021: result: yes
configure:2975: checking for stdlib.h
configure:2991: gcc -c -g -O2  conftest.c >&5
configure:2997: $? = 0
configure:3001: test -z 
			 || test ! -s conftest.err
configure:3004: $? = 0
configure:3007: test -s conftest.o
configure:3010: $? = 0
configure:3021: result: yes
configure:2975: checking for string.h
configure:2991: gcc -c -g -O2  conftest.c >&5
configure:2997: $? = 0
configure:3001: test -z 
			 || test ! -s conftest.err
configure:3004: $? = 0
configure:3007: test -s conftest.o
configure:3010: $? = 0
configure:3021: result: yes
configure:2975: checking for memory.h
configure:2991: gcc -c -g -O2  conftest.c >&5
configure:2997: $? = 0
configure:3001: test -z 
			 || test ! -s conftest.err
configure:3004: $? = 0
configure:3007: test -s conftest.o
configure:3010: $? = 0
configure:3021: result: yes
configure:2975: checking for strings.h
configure:2991: gcc -c -g -O2  conftest.c >&5
configure:2997: $? = 0
configure:3001: test -z 
			 || test ! -s conftest.err
configure:3004: $? = 0
configure:3007: test -s conftest.o
configure:3010: $? = 0
configure:3021: result: yes
configure:2975: checking for inttypes.h
configure:2991: gcc -c -g -O2  conftest.c >&5
configure:2997: $? = 0
configure:3001: test -z 
			 || test ! -s conftest.err
configure:3004: $? = 0
configure:3007: test -s conftest.o
configure:3010: $? = 0
configure:3021: result: yes
configure:2975: checking for stdint.h
configure:2991: gcc -c -g -O2  conftest.c >&5
configure:2997: $? = 0
configure:3001: test -z 
			 || test ! -s conftest.err
configure:3004: $? = 0
configure:3007: test -s conftest.o
configure:3010: $? = 0
configure:3021: result: yes
configure:2975: checking for unistd.h
configure:2991: gcc -c -g -O2  conftest.c >&5
configure:2997: $? = 0
configure:3001: test -z 
			 || test ! -s conftest.err
configure:3004: $? = 0
configure:3007: test -s conftest.o
configure:3010: $? = 0
configure:3021: result: yes
configure:3043: checking minix/config.h usability
configure:3055: gcc -c -g -O2  conftest.c >&5
conftest.c:53:26: error: minix/config.h: No such file or directory
configure:3061: $? = 1
configure: failed program was:
| /* confdefs.h.  */
| 
| #define PACKAGE_NAME ""
| #define PACKAGE_TARNAME ""
| #define PACKAGE_VERSION ""
| #define PACKAGE_STRING ""
| #define PACKAGE_BUGREPORT ""
| #define STDC_HEADERS 1
| #define HAVE_SYS_TYPES_H 1
| #define HAVE_SYS_STAT_H 1
| #define HAVE_STDLIB_H 1
| #define HAVE_STRING_H 1
| #define HAVE_MEMORY_H 1
| #define HAVE_STRINGS_H 1
| #define HAVE_INTTYPES_H 1
| #define HAVE_STDINT_H 1
| #define HAVE_UNISTD_H 1
| /* end confdefs.h.  */
| #include <stdio.h>
| #if HAVE_SYS_TYPES_H
| # include <sys/types.h>
| #endif
| #if HAVE_SYS_STAT_H
| # include <sys/stat.h>
| #endif
| #if STDC_HEADERS
| # include <stdlib.h>
| # include <stddef.h>
| #else
| # if HAVE_STDLIB_H
| #  include <stdlib.h>
| # endif
| #endif
| #if HAVE_STRING_H
| # if !STDC_HEADERS && HAVE_MEMORY_H
| #  include <memory.h>
| # endif
| # include <string.h>
| #endif
| #if HAVE_STRINGS_H
| # include <strings.h>
| #endif
| #if HAVE_INTTYPES_H
| # include <inttypes.h>
| #else
| # if HAVE_STDINT_H
| #  include <stdint.h>
| # endif
| #endif
| #if HAVE_UNISTD_H
| # include <unistd.h>
| #endif
| #include <minix/config.h>
configure:3084: result: no
configure:3088: checking minix/config.h presence
configure:3098: gcc -E  conftest.c
conftest.c:19:26: error: minix/config.h: No such file or directory
configure:3104: $? = 1
configure: failed program was:
| /* confdefs.h.  */
| 
| #define PACKAGE_NAME ""
| #define PACKAGE_TARNAME ""
| #define PACKAGE_VERSION ""
| #define PACKAGE_STRING ""
| #define PACKAGE_BUGREPORT ""
| #define STDC_HEADERS 1
| #define HAVE_SYS_TYPES_H 1
| #define HAVE_SYS_STAT_H 1
| #define HAVE_STDLIB_H 1
| #define HAVE_STRING_H 1
| #define HAVE_MEMORY_H 1
| #define HAVE_STRINGS_H 1
| #define HAVE_INTTYPES_H 1
| #define HAVE_STDINT_H 1
| #define HAVE_UNISTD_H 1
| /* end confdefs.h.  */
| #include <minix/config.h>
configure:3124: result: no
configure:3159: checking for minix/config.h
configure:3166: result: no
configure:3195: checking for library containing strerror
configure:3225: gcc -o conftest -g -O2   conftest.c  >&5
configure:3231: $? = 0
configure:3235: test -z 
			 || test ! -s conftest.err
configure:3238: $? = 0
configure:3241: test -s conftest
configure:3244: $? = 0
configure:3314: result: none required
configure:3337: checking for a BSD-compatible install
configure:3392: result: /usr/bin/install -c
configure:3403: checking whether build environment is sane
configure:3446: result: yes
configure:3511: checking for gawk
configure:3527: found /bin/gawk
configure:3537: result: gawk
configure:3547: checking whether make sets $(MAKE)
configure:3567: result: yes
configure:3597: checking for style of include used by make
configure:3625: result: GNU
configure:3801: checking dependency style of gcc
configure:3891: result: gcc3
configure:3911: checking whether to enable maintainer-specific portions of Makefiles
configure:3920: result: no
configure:3935: checking for function prototypes
configure:3938: result: yes
configure:3968: checking for string.h
configure:3973: result: yes
configure:4188: checking for a sed that does not truncate output
configure:4242: result: /bin/sed
configure:4256: checking for ld used by gcc
configure:4323: result: /usr/bin/ld
configure:4332: checking if the linker (/usr/bin/ld) is GNU ld
configure:4347: result: yes
configure:4352: checking for /usr/bin/ld option to reload object files
configure:4359: result: -r
configure:4368: checking for BSD-compatible nm
configure:4410: result: /usr/bin/nm -B
configure:4414: checking whether ln -s works
configure:4418: result: yes
configure:4425: checking how to recognise dependent libraries
configure:4608: result: pass_all
configure:4692: gcc -c -g -O2  conftest.c >&5
configure:4695: $? = 0
configure:4830: checking dlfcn.h usability
configure:4842: gcc -c -g -O2  conftest.c >&5
configure:4848: $? = 0
configure:4852: test -z 
			 || test ! -s conftest.err
configure:4855: $? = 0
configure:4858: test -s conftest.o
configure:4861: $? = 0
configure:4871: result: yes
configure:4875: checking dlfcn.h presence
configure:4885: gcc -E  conftest.c
configure:4891: $? = 0
configure:4911: result: yes
configure:4946: checking for dlfcn.h
configure:4953: result: yes
configure:5018: checking for g++
configure:5034: found /usr/local/gcc/bin//g++
configure:5044: result: g++
configure:5060: checking for C++ compiler version
configure:5063: g++ --version </dev/null >&5
g++ (GCC) 4.3.0
Copyright (C) 2008 Free Software Foundation, Inc.
This is free software; see the source for copying conditions.  There is NO
warranty; not even for MERCHANTABILITY or FITNESS FOR A PARTICULAR PURPOSE.

configure:5066: $? = 0
configure:5068: g++ -v </dev/null >&5
Using built-in specs.
Target: x86_64-unknown-linux-gnu
Configured with: ../configure --prefix=/usr/local/gcc/gcc-4.3.0 --with-gmp=/usr/local --with-mpfr=/usr/local
Thread model: posix
gcc version 4.3.0 (GCC) 
configure:5071: $? = 0
configure:5073: g++ -V </dev/null >&5
g++: '-V' option must have argument
configure:5076: $? = 1
configure:5079: checking whether we are using the GNU C++ compiler
configure:5103: g++ -c   conftest.cc >&5
configure:5109: $? = 0
configure:5113: test -z 
			 || test ! -s conftest.err
configure:5116: $? = 0
configure:5119: test -s conftest.o
configure:5122: $? = 0
configure:5135: result: yes
configure:5141: checking whether g++ accepts -g
configure:5162: g++ -c -g  conftest.cc >&5
configure:5168: $? = 0
configure:5172: test -z 
			 || test ! -s conftest.err
configure:5175: $? = 0
configure:5178: test -s conftest.o
configure:5181: $? = 0
configure:5192: result: yes
configure:5234: g++ -c -g -O2  conftest.cc >&5
configure:5240: $? = 0
configure:5244: test -z 
			 || test ! -s conftest.err
configure:5247: $? = 0
configure:5250: test -s conftest.o
configure:5253: $? = 0
configure:5279: g++ -c -g -O2  conftest.cc >&5
conftest.cc: In function 'int main()':
conftest.cc:29: error: 'exit' was not declared in this scope
configure:5285: $? = 1
configure: failed program was:
| /* confdefs.h.  */
| 
| #define PACKAGE_NAME ""
| #define PACKAGE_TARNAME ""
| #define PACKAGE_VERSION ""
| #define PACKAGE_STRING ""
| #define PACKAGE_BUGREPORT ""
| #define STDC_HEADERS 1
| #define HAVE_SYS_TYPES_H 1
| #define HAVE_SYS_STAT_H 1
| #define HAVE_STDLIB_H 1
| #define HAVE_STRING_H 1
| #define HAVE_MEMORY_H 1
| #define HAVE_STRINGS_H 1
| #define HAVE_INTTYPES_H 1
| #define HAVE_STDINT_H 1
| #define HAVE_UNISTD_H 1
| #define PACKAGE "crfsuite"
| #define VERSION "0.11"
| #define PROTOTYPES 1
| #define __PROTOTYPES 1
| #define HAVE_STRING_H 1
| #define HAVE_DLFCN_H 1
| /* end confdefs.h.  */
| 
| int
| main ()
| {
| exit (42);
|   ;
|   return 0;
| }
configure:5234: g++ -c -g -O2  conftest.cc >&5
conftest.cc:25: error: 'void std::exit(int)' should have been declared inside 'std'
configure:5240: $? = 1
configure: failed program was:
| /* confdefs.h.  */
| 
| #define PACKAGE_NAME ""
| #define PACKAGE_TARNAME ""
| #define PACKAGE_VERSION ""
| #define PACKAGE_STRING ""
| #define PACKAGE_BUGREPORT ""
| #define STDC_HEADERS 1
| #define HAVE_SYS_TYPES_H 1
| #define HAVE_SYS_STAT_H 1
| #define HAVE_STDLIB_H 1
| #define HAVE_STRING_H 1
| #define HAVE_MEMORY_H 1
| #define HAVE_STRINGS_H 1
| #define HAVE_INTTYPES_H 1
| #define HAVE_STDINT_H 1
| #define HAVE_UNISTD_H 1
| #define PACKAGE "crfsuite"
| #define VERSION "0.11"
| #define PROTOTYPES 1
| #define __PROTOTYPES 1
| #define HAVE_STRING_H 1
| #define HAVE_DLFCN_H 1
| /* end confdefs.h.  */
| extern "C" void std::exit (int) throw (); using std::exit;
| #include <stdlib.h>
| int
| main ()
| {
| exit (42);
|   ;
|   return 0;
| }
configure:5234: g++ -c -g -O2  conftest.cc >&5
conftest.cc:25: error: 'void std::exit(int)' should have been declared inside 'std'
In file included from conftest.cc:26:
/usr/include/stdlib.h:640: error: declaration of 'void std::exit(int) throw ()' throws different exceptions
conftest.cc:25: error: from previous declaration 'void std::exit(int)'
configure:5240: $? = 1
configure: failed program was:
| /* confdefs.h.  */
| 
| #define PACKAGE_NAME ""
| #define PACKAGE_TARNAME ""
| #define PACKAGE_VERSION ""
| #define PACKAGE_STRING ""
| #define PACKAGE_BUGREPORT ""
| #define STDC_HEADERS 1
| #define HAVE_SYS_TYPES_H 1
| #define HAVE_SYS_STAT_H 1
| #define HAVE_STDLIB_H 1
| #define HAVE_STRING_H 1
| #define HAVE_MEMORY_H 1
| #define HAVE_STRINGS_H 1
| #define HAVE_INTTYPES_H 1
| #define HAVE_STDINT_H 1
| #define HAVE_UNISTD_H 1
| #define PACKAGE "crfsuite"
| #define VERSION "0.11"
| #define PROTOTYPES 1
| #define __PROTOTYPES 1
| #define HAVE_STRING_H 1
| #define HAVE_DLFCN_H 1
| /* end confdefs.h.  */
| extern "C" void std::exit (int); using std::exit;
| #include <stdlib.h>
| int
| main ()
| {
| exit (42);
|   ;
|   return 0;
| }
configure:5234: g++ -c -g -O2  conftest.cc >&5
configure:5240: $? = 0
configure:5244: test -z 
			 || test ! -s conftest.err
configure:5247: $? = 0
configure:5250: test -s conftest.o
configure:5253: $? = 0
configure:5279: g++ -c -g -O2  conftest.cc >&5
configure:5285: $? = 0
configure:5289: test -z 
			 || test ! -s conftest.err
configure:5292: $? = 0
configure:5295: test -s conftest.o
configure:5298: $? = 0
configure:5323: checking dependency style of g++
configure:5413: result: gcc3
configure:5435: checking how to run the C++ preprocessor
configure:5466: g++ -E  conftest.cc
configure:5472: $? = 0
configure:5504: g++ -E  conftest.cc
conftest.cc:28:28: error: ac_nonexistent.h: No such file or directory
configure:5510: $? = 1
configure: failed program was:
| /* confdefs.h.  */
| 
| #define PACKAGE_NAME ""
| #define PACKAGE_TARNAME ""
| #define PACKAGE_VERSION ""
| #define PACKAGE_STRING ""
| #define PACKAGE_BUGREPORT ""
| #define STDC_HEADERS 1
| #define HAVE_SYS_TYPES_H 1
| #define HAVE_SYS_STAT_H 1
| #define HAVE_STDLIB_H 1
| #define HAVE_STRING_H 1
| #define HAVE_MEMORY_H 1
| #define HAVE_STRINGS_H 1
| #define HAVE_INTTYPES_H 1
| #define HAVE_STDINT_H 1
| #define HAVE_UNISTD_H 1
| #define PACKAGE "crfsuite"
| #define VERSION "0.11"
| #define PROTOTYPES 1
| #define __PROTOTYPES 1
| #define HAVE_STRING_H 1
| #define HAVE_DLFCN_H 1
| #ifdef __cplusplus
| extern "C" void exit (int) throw ();
| #endif
| /* end confdefs.h.  */
| #include <ac_nonexistent.h>
configure:5549: result: g++ -E
configure:5573: g++ -E  conftest.cc
configure:5579: $? = 0
configure:5611: g++ -E  conftest.cc
conftest.cc:28:28: error: ac_nonexistent.h: No such file or directory
configure:5617: $? = 1
configure: failed program was:
| /* confdefs.h.  */
| 
| #define PACKAGE_NAME ""
| #define PACKAGE_TARNAME ""
| #define PACKAGE_VERSION ""
| #define PACKAGE_STRING ""
| #define PACKAGE_BUGREPORT ""
| #define STDC_HEADERS 1
| #define HAVE_SYS_TYPES_H 1
| #define HAVE_SYS_STAT_H 1
| #define HAVE_STDLIB_H 1
| #define HAVE_STRING_H 1
| #define HAVE_MEMORY_H 1
| #define HAVE_STRINGS_H 1
| #define HAVE_INTTYPES_H 1
| #define HAVE_STDINT_H 1
| #define HAVE_UNISTD_H 1
| #define PACKAGE "crfsuite"
| #define VERSION "0.11"
| #define PROTOTYPES 1
| #define __PROTOTYPES 1
| #define HAVE_STRING_H 1
| #define HAVE_DLFCN_H 1
| #ifdef __cplusplus
| extern "C" void exit (int) throw ();
| #endif
| /* end confdefs.h.  */
| #include <ac_nonexistent.h>
configure:5712: checking for g77
configure:5728: found /usr/bin/g77
configure:5738: result: g77
configure:5753: checking for Fortran 77 compiler version
configure:5756: g77 --version </dev/null >&5
GNU Fortran (GCC) 3.4.6 20060404 (Red Hat 3.4.6-11)
Copyright (C) 2006 Free Software Foundation, Inc.

GNU Fortran comes with NO WARRANTY, to the extent permitted by law.
You may redistribute copies of GNU Fortran
under the terms of the GNU General Public License.
For more information about these matters, see the file named COPYING
or type the command `info -f g77 Copying'.
configure:5759: $? = 0
configure:5761: g77 -v </dev/null >&5
Reading specs from /usr/lib/gcc/x86_64-redhat-linux/3.4.6/specs
Configured with: ../configure --prefix=/usr --mandir=/usr/share/man --infodir=/usr/share/info --enable-shared --enable-threads=posix --disable-checking --with-system-zlib --enable-__cxa_atexit --disable-libunwind-exceptions --enable-java-awt=gtk --host=x86_64-redhat-linux
Thread model: posix
gcc version 3.4.6 20060404 (Red Hat 3.4.6-11)
configure:5764: $? = 0
configure:5766: g77 -V </dev/null >&5
g77: `-V' option must have argument
configure:5769: $? = 1
configure:5777: checking whether we are using the GNU Fortran 77 compiler
configure:5791: g77 -c  conftest.F >&5
configure:5797: $? = 0
configure:5801: test -z 
			 || test ! -s conftest.err
configure:5804: $? = 0
configure:5807: test -s conftest.o
configure:5810: $? = 0
configure:5823: result: yes
configure:5829: checking whether g77 accepts -g
configure:5841: g77 -c -g conftest.f >&5
configure:5847: $? = 0
configure:5851: test -z 
			 || test ! -s conftest.err
configure:5854: $? = 0
configure:5857: test -s conftest.o
configure:5860: $? = 0
configure:5872: result: yes
configure:5902: checking the maximum length of command line arguments
configure:5967: result: 32768
configure:5978: checking command to parse /usr/bin/nm -B output from gcc object
configure:6067: gcc -c -g -O2  conftest.c >&5
configure:6070: $? = 0
configure:6074: /usr/bin/nm -B conftest.o \| sed -n -e 's/^.*[ 	]\([ABCDGIRSTW][ABCDGIRSTW]*\)[ 	][ 	]*\(\)\([_A-Za-z][_A-Za-z0-9]*\)$/\1 \2\3 \3/p' \> conftest.nm
configure:6077: $? = 0
configure:6129: gcc -o conftest -g -O2   conftest.c conftstm.o >&5
configure:6132: $? = 0
configure:6170: result: ok
configure:6174: checking for objdir
configure:6189: result: .libs
configure:6279: checking for ar
configure:6295: found /usr/bin/ar
configure:6306: result: ar
configure:6359: checking for ranlib
configure:6375: found /usr/bin/ranlib
configure:6386: result: ranlib
configure:6439: checking for strip
configure:6455: found /usr/bin/strip
configure:6466: result: strip
configure:6728: checking if gcc static flag  works
configure:6751: result: yes
configure:6769: checking if gcc supports -fno-rtti -fno-exceptions
configure:6787: gcc -c -g -O2  -fno-rtti -fno-exceptions conftest.c >&5
cc1: warning: command line option "-fno-rtti" is valid for C++/ObjC++ but not for C
configure:6791: $? = 0
configure:6802: result: no
configure:6817: checking for gcc option to produce PIC
configure:6994: result: -fPIC
configure:7002: checking if gcc PIC flag -fPIC works
configure:7020: gcc -c -g -O2  -fPIC -DPIC conftest.c >&5
configure:7024: $? = 0
configure:7035: result: yes
configure:7059: checking if gcc supports -c -o file.o
configure:7080: gcc -c -g -O2  -o out/conftest2.o conftest.c >&5
configure:7084: $? = 0
configure:7104: result: yes
configure:7130: checking whether the gcc linker (/usr/bin/ld -m elf_x86_64) supports shared libraries
configure:7978: result: yes
configure:8004: checking whether -lc should be explicitly linked in
configure:8009: gcc -c -g -O2  conftest.c >&5
configure:8012: $? = 0
configure:8026: gcc -shared conftest.o  -v -Wl,-soname -Wl,conftest -o conftest 2\>\&1 \| grep  -lc  \>/dev/null 2\>\&1
configure:8029: $? = 0
configure:8041: result: no
configure:8049: checking dynamic linker characteristics
configure:8415: gcc -c -g -O2  conftest.c >&5
configure:8418: $? = 0
configure:8610: result: GNU/Linux ld.so
configure:8614: checking how to hardcode library paths into programs
configure:8639: result: immediate
configure:8653: checking whether stripping libraries is possible
configure:8658: result: yes
configure:9488: checking if libtool supports shared libraries
configure:9490: result: yes
configure:9493: checking whether to build shared libraries
configure:9551: result: yes
configure:9554: checking whether to build static libraries
configure:9558: result: yes
configure:9650: creating libtool
configure:10197: checking for ld used by g++
configure:10264: result: /usr/bin/ld -m elf_x86_64
configure:10273: checking if the linker (/usr/bin/ld -m elf_x86_64) is GNU ld
configure:10288: result: yes
configure:10339: checking whether the g++ linker (/usr/bin/ld -m elf_x86_64) supports shared libraries
configure:11167: result: yes
configure:11185: g++ -c -g -O2  conftest.cc >&5
configure:11188: $? = 0
configure:11284: checking for g++ option to produce PIC
configure:11536: result: -fPIC
configure:11544: checking if g++ PIC flag -fPIC works
configure:11562: g++ -c -g -O2  -fPIC -DPIC conftest.cc >&5
configure:11566: $? = 0
configure:11577: result: yes
configure:11601: checking if g++ supports -c -o file.o
configure:11622: g++ -c -g -O2  -o out/conftest2.o conftest.cc >&5
configure:11626: $? = 0
configure:11646: result: yes
configure:11672: checking whether the g++ linker (/usr/bin/ld -m elf_x86_64) supports shared libraries
configure:11697: result: yes
configure:11768: checking dynamic linker characteristics
configure:12134: g++ -c -g -O2  conftest.cc >&5
configure:12137: $? = 0
configure:12329: result: GNU/Linux ld.so
configure:12333: checking how to hardcode library paths into programs
configure:12358: result: immediate
configure:12372: checking whether stripping libraries is possible
configure:12377: result: yes
configure:13684: checking if libtool supports shared libraries
configure:13686: result: yes
configure:13689: checking whether to build shared libraries
configure:13707: result: yes
configure:13710: checking whether to build static libraries
configure:13714: result: yes
configure:13726: checking for g77 option to produce PIC
configure:13903: result: -fPIC
configure:13911: checking if g77 PIC flag -fPIC works
configure:13929: g77 -c -g -O2 -fPIC conftest.f >&5
configure:13933: $? = 0
configure:13944: result: yes
configure:13968: checking if g77 supports -c -o file.o
configure:13989: g77 -c -g -O2 -o out/conftest2.o conftest.f >&5
configure:13993: $? = 0
configure:14013: result: yes
configure:14039: checking whether the g77 linker (/usr/bin/ld -m elf_x86_64) supports shared libraries
configure:14867: result: yes
configure:14938: checking dynamic linker characteristics
configure:15304: g77 -c -g -O2 conftest.f >&5
configure:15307: $? = 0
configure:15499: result: GNU/Linux ld.so
configure:15503: checking how to hardcode library paths into programs
configure:15528: result: immediate
configure:15542: checking whether stripping libraries is possible
configure:15547: result: yes
configure:19667: checking for a BSD-compatible install
configure:19722: result: /usr/bin/install -c
configure:19733: checking whether ln -s works
configure:19737: result: yes
configure:19751: checking for ANSI C header files
configure:19907: result: yes
configure:19936: checking fcntl.h usability
configure:19948: gcc -c -std=c99   conftest.c >&5
configure:19954: $? = 0
configure:19958: test -z 
			 || test ! -s conftest.err
configure:19961: $? = 0
configure:19964: test -s conftest.o
configure:19967: $? = 0
configure:19977: result: yes
configure:19981: checking fcntl.h presence
configure:19991: gcc -E  conftest.c
configure:19997: $? = 0
configure:20017: result: yes
configure:20052: checking for fcntl.h
configure:20059: result: yes
configure:19936: checking limits.h usability
configure:19948: gcc -c -std=c99   conftest.c >&5
configure:19954: $? = 0
configure:19958: test -z 
			 || test ! -s conftest.err
configure:19961: $? = 0
configure:19964: test -s conftest.o
configure:19967: $? = 0
configure:19977: result: yes
configure:19981: checking limits.h presence
configure:19991: gcc -E  conftest.c
configure:19997: $? = 0
configure:20017: result: yes
configure:20052: checking for limits.h
configure:20059: result: yes
configure:19936: checking malloc.h usability
configure:19948: gcc -c -std=c99   conftest.c >&5
configure:19954: $? = 0
configure:19958: test -z 
			 || test ! -s conftest.err
configure:19961: $? = 0
configure:19964: test -s conftest.o
configure:19967: $? = 0
configure:19977: result: yes
configure:19981: checking malloc.h presence
configure:19991: gcc -E  conftest.c
configure:19997: $? = 0
configure:20017: result: yes
configure:20052: checking for malloc.h
configure:20059: result: yes
configure:19927: checking for strings.h
configure:19932: result: yes
configure:19927: checking for unistd.h
configure:19932: result: yes
configure:19927: checking for stdint.h
configure:19932: result: yes
configure:20074: checking for an ANSI C-conforming const
configure:20141: gcc -c -std=c99   conftest.c >&5
configure:20147: $? = 0
configure:20151: test -z 
			 || test ! -s conftest.err
configure:20154: $? = 0
configure:20157: test -s conftest.o
configure:20160: $? = 0
configure:20171: result: yes
configure:20181: checking for 
configure:20205: gcc -c -std=c99   conftest.c >&5
conftest.c: In function 'main':
conftest.c:72: error: expected expression before ')' token
conftest.c:74: error: expected expression before ')' token
configure:20211: $? = 1
configure: failed program was:
| /* confdefs.h.  */
| 
| #define PACKAGE_NAME ""
| #define PACKAGE_TARNAME ""
| #define PACKAGE_VERSION ""
| #define PACKAGE_STRING ""
| #define PACKAGE_BUGREPORT ""
| #define STDC_HEADERS 1
| #define HAVE_SYS_TYPES_H 1
| #define HAVE_SYS_STAT_H 1
| #define HAVE_STDLIB_H 1
| #define HAVE_STRING_H 1
| #define HAVE_MEMORY_H 1
| #define HAVE_STRINGS_H 1
| #define HAVE_INTTYPES_H 1
| #define HAVE_STDINT_H 1
| #define HAVE_UNISTD_H 1
| #define PACKAGE "crfsuite"
| #define VERSION "0.11"
| #define PROTOTYPES 1
| #define __PROTOTYPES 1
| #define HAVE_STRING_H 1
| #define HAVE_DLFCN_H 1
| #ifdef __cplusplus
| extern "C" void exit (int) throw ();
| #endif
| #define STDC_HEADERS 1
| #define HAVE_FCNTL_H 1
| #define HAVE_LIMITS_H 1
| #define HAVE_MALLOC_H 1
| #define HAVE_STRINGS_H 1
| #define HAVE_UNISTD_H 1
| #define HAVE_STDINT_H 1
| /* end confdefs.h.  */
| #include <stdio.h>
| #if HAVE_SYS_TYPES_H
| # include <sys/types.h>
| #endif
| #if HAVE_SYS_STAT_H
| # include <sys/stat.h>
| #endif
| #if STDC_HEADERS
| # include <stdlib.h>
| # include <stddef.h>
| #else
| # if HAVE_STDLIB_H
| #  include <stdlib.h>
| # endif
| #endif
| #if HAVE_STRING_H
| # if !STDC_HEADERS && HAVE_MEMORY_H
| #  include <memory.h>
| # endif
| # include <string.h>
| #endif
| #if HAVE_STRINGS_H
| # include <strings.h>
| #endif
| #if HAVE_INTTYPES_H
| # include <inttypes.h>
| #else
| # if HAVE_STDINT_H
| #  include <stdint.h>
| # endif
| #endif
| #if HAVE_UNISTD_H
| # include <unistd.h>
| #endif
| int
| main ()
| {
| if (( *) 0)
|   return 0;
| if (sizeof ())
|   return 0;
|   ;
|   return 0;
| }
configure:20235: result: no
configure:20238: checking size of 
configure:20588: result: 0
configure:20595: checking for size_t
configure:20619: gcc -c -std=c99   conftest.c >&5
configure:20625: $? = 0
configure:20629: test -z 
			 || test ! -s conftest.err
configure:20632: $? = 0
configure:20635: test -s conftest.o
configure:20638: $? = 0
configure:20649: result: yes
configure:20661: checking whether struct tm is in sys/time.h or time.h
configure:20684: gcc -c -std=c99   conftest.c >&5
configure:20690: $? = 0
configure:20694: test -z 
			 || test ! -s conftest.err
configure:20697: $? = 0
configure:20700: test -s conftest.o
configure:20703: $? = 0
configure:20714: result: time.h
configure:20724: checking for short
configure:20748: gcc -c -std=c99   conftest.c >&5
configure:20754: $? = 0
configure:20758: test -z 
			 || test ! -s conftest.err
configure:20761: $? = 0
configure:20764: test -s conftest.o
configure:20767: $? = 0
configure:20778: result: yes
configure:20781: checking size of short
configure:21100: gcc -o conftest -std=c99    conftest.c  >&5
configure:21103: $? = 0
configure:21105: ./conftest
configure:21108: $? = 0
configure:21131: result: 2
configure:21138: checking for unsigned short
configure:21162: gcc -c -std=c99   conftest.c >&5
configure:21168: $? = 0
configure:21172: test -z 
			 || test ! -s conftest.err
configure:21175: $? = 0
configure:21178: test -s conftest.o
configure:21181: $? = 0
configure:21192: result: yes
configure:21195: checking size of unsigned short
configure:21514: gcc -o conftest -std=c99    conftest.c  >&5
configure:21517: $? = 0
configure:21519: ./conftest
configure:21522: $? = 0
configure:21545: result: 2
configure:21552: checking for int
configure:21576: gcc -c -std=c99   conftest.c >&5
configure:21582: $? = 0
configure:21586: test -z 
			 || test ! -s conftest.err
configure:21589: $? = 0
configure:21592: test -s conftest.o
configure:21595: $? = 0
configure:21606: result: yes
configure:21609: checking size of int
configure:21928: gcc -o conftest -std=c99    conftest.c  >&5
configure:21931: $? = 0
configure:21933: ./conftest
configure:21936: $? = 0
configure:21959: result: 4
configure:21966: checking for unsigned int
configure:21990: gcc -c -std=c99   conftest.c >&5
configure:21996: $? = 0
configure:22000: test -z 
			 || test ! -s conftest.err
configure:22003: $? = 0
configure:22006: test -s conftest.o
configure:22009: $? = 0
configure:22020: result: yes
configure:22023: checking size of unsigned int
configure:22342: gcc -o conftest -std=c99    conftest.c  >&5
configure:22345: $? = 0
configure:22347: ./conftest
configure:22350: $? = 0
configure:22373: result: 4
configure:22380: checking for long
configure:22404: gcc -c -std=c99   conftest.c >&5
configure:22410: $? = 0
configure:22414: test -z 
			 || test ! -s conftest.err
configure:22417: $? = 0
configure:22420: test -s conftest.o
configure:22423: $? = 0
configure:22434: result: yes
configure:22437: checking size of long
configure:22756: gcc -o conftest -std=c99    conftest.c  >&5
configure:22759: $? = 0
configure:22761: ./conftest
configure:22764: $? = 0
configure:22787: result: 8
configure:22794: checking for unsigned long
configure:22818: gcc -c -std=c99   conftest.c >&5
configure:22824: $? = 0
configure:22828: test -z 
			 || test ! -s conftest.err
configure:22831: $? = 0
configure:22834: test -s conftest.o
configure:22837: $? = 0
configure:22848: result: yes
configure:22851: checking size of unsigned long
configure:23170: gcc -o conftest -std=c99    conftest.c  >&5
configure:23173: $? = 0
configure:23175: ./conftest
configure:23178: $? = 0
configure:23201: result: 8
configure:23209: checking for uint8_t
configure:23233: gcc -c -std=c99   conftest.c >&5
configure:23239: $? = 0
configure:23243: test -z 
			 || test ! -s conftest.err
configure:23246: $? = 0
configure:23249: test -s conftest.o
configure:23252: $? = 0
configure:23263: result: yes
configure:23273: checking for uint16_t
configure:23297: gcc -c -std=c99   conftest.c >&5
configure:23303: $? = 0
configure:23307: test -z 
			 || test ! -s conftest.err
configure:23310: $? = 0
configure:23313: test -s conftest.o
configure:23316: $? = 0
configure:23327: result: yes
configure:23337: checking for uint32_t
configure:23361: gcc -c -std=c99   conftest.c >&5
configure:23367: $? = 0
configure:23371: test -z 
			 || test ! -s conftest.err
configure:23374: $? = 0
configure:23377: test -s conftest.o
configure:23380: $? = 0
configure:23391: result: yes
configure:23428: checking for working alloca.h
configure:23449: gcc -o conftest -O3 -ffast-math -std=c99    conftest.c  >&5
configure:23455: $? = 0
configure:23459: test -z 
			 || test ! -s conftest.err
configure:23462: $? = 0
configure:23465: test -s conftest
configure:23468: $? = 0
configure:23480: result: yes
configure:23490: checking for alloca
configure:23531: gcc -o conftest -O3 -ffast-math -std=c99    conftest.c  >&5
configure:23537: $? = 0
configure:23541: test -z 
			 || test ! -s conftest.err
configure:23544: $? = 0
configure:23547: test -s conftest
configure:23550: $? = 0
configure:23562: result: yes
configure:23785: checking for working memcmp
configure:23833: gcc -o conftest -O3 -ffast-math -std=c99    conftest.c  >&5
configure:23836: $? = 0
configure:23838: ./conftest
configure:23841: $? = 0
configure:23855: result: yes
configure:23870: checking for vprintf
configure:23927: gcc -o conftest -O3 -ffast-math -std=c99    conftest.c  >&5
conftest.c:71: warning: conflicting types for built-in function 'vprintf'
configure:23933: $? = 0
configure:23937: test -z 
			 || test ! -s conftest.err
configure:23940: $? = 0
configure:23943: test -s conftest
configure:23946: $? = 0
configure:23958: result: yes
configure:23965: checking for _doprnt
configure:24022: gcc -o conftest -O3 -ffast-math -std=c99    conftest.c  >&5
/tmp/cc21NLc2.o(.text+0x9): In function `main':
: undefined reference to `_doprnt'
/tmp/cc21NLc2.o(.data+0x0): undefined reference to `_doprnt'
collect2: ld returned 1 exit status
configure:24028: $? = 1
configure: failed program was:
| /* confdefs.h.  */
| 
| #define PACKAGE_NAME ""
| #define PACKAGE_TARNAME ""
| #define PACKAGE_VERSION ""
| #define PACKAGE_STRING ""
| #define PACKAGE_BUGREPORT ""
| #define STDC_HEADERS 1
| #define HAVE_SYS_TYPES_H 1
| #define HAVE_SYS_STAT_H 1
| #define HAVE_STDLIB_H 1
| #define HAVE_STRING_H 1
| #define HAVE_MEMORY_H 1
| #define HAVE_STRINGS_H 1
| #define HAVE_INTTYPES_H 1
| #define HAVE_STDINT_H 1
| #define HAVE_UNISTD_H 1
| #define PACKAGE "crfsuite"
| #define VERSION "0.11"
| #define PROTOTYPES 1
| #define __PROTOTYPES 1
| #define HAVE_STRING_H 1
| #define HAVE_DLFCN_H 1
| #ifdef __cplusplus
| extern "C" void exit (int) throw ();
| #endif
| #define STDC_HEADERS 1
| #define HAVE_FCNTL_H 1
| #define HAVE_LIMITS_H 1
| #define HAVE_MALLOC_H 1
| #define HAVE_STRINGS_H 1
| #define HAVE_UNISTD_H 1
| #define HAVE_STDINT_H 1
| #define SIZEOF_ 0
| #define SIZEOF_SHORT 2
| #define SIZEOF_UNSIGNED_SHORT 2
| #define SIZEOF_INT 4
| #define SIZEOF_UNSIGNED_INT 4
| #define SIZEOF_LONG 8
| #define SIZEOF_UNSIGNED_LONG 8
| #define HAVE_UINT8_T 1
| #define HAVE_UINT16_T 1
| #define HAVE_UINT32_T 1
| #define HAVE_ALLOCA_H 1
| #define HAVE_ALLOCA 1
| #define HAVE_VPRINTF 1
| /* end confdefs.h.  */
| /* Define _doprnt to an innocuous variant, in case <limits.h> declares _doprnt.
|    For example, HP-UX 11i <limits.h> declares gettimeofday.  */
| #define _doprnt innocuous__doprnt
| 
| /* System header to define __stub macros and hopefully few prototypes,
|     which can conflict with char _doprnt (); below.
|     Prefer <limits.h> to <assert.h> if __STDC__ is defined, since
|     <limits.h> exists even on freestanding compilers.  */
| 
| #ifdef __STDC__
| # include <limits.h>
| #else
| # include <assert.h>
| #endif
| 
| #undef _doprnt
| 
| /* Override any gcc2 internal prototype to avoid an error.  */
| #ifdef __cplusplus
| extern "C"
| {
| #endif
| /* We use char because int might match the return type of a gcc2
|    builtin and then its argument prototype would still apply.  */
| char _doprnt ();
| /* The GNU C library defines this for functions which it implements
|     to always fail with ENOSYS.  Some functions are actually named
|     something starting with __ and the normal name is an alias.  */
| #if defined (__stub__doprnt) || defined (__stub____doprnt)
| choke me
| #else
| char (*f) () = _doprnt;
| #endif
| #ifdef __cplusplus
| }
| #endif
| 
| int
| main ()
| {
| return f != _doprnt;
|   ;
|   return 0;
| }
configure:24053: result: no
configure:24074: checking for strdup
configure:24131: gcc -o conftest -O3 -ffast-math -std=c99    conftest.c  >&5
configure:24137: $? = 0
configure:24141: test -z 
			 || test ! -s conftest.err
configure:24144: $? = 0
configure:24147: test -s conftest
configure:24150: $? = 0
configure:24162: result: yes
configure:24074: checking for strerror
configure:24131: gcc -o conftest -O3 -ffast-math -std=c99    conftest.c  >&5
configure:24137: $? = 0
configure:24141: test -z 
			 || test ! -s conftest.err
configure:24144: $? = 0
configure:24147: test -s conftest
configure:24150: $? = 0
configure:24162: result: yes
configure:24074: checking for strtol
configure:24131: gcc -o conftest -O3 -ffast-math -std=c99    conftest.c  >&5
configure:24137: $? = 0
configure:24141: test -z 
			 || test ! -s conftest.err
configure:24144: $? = 0
configure:24147: test -s conftest
configure:24150: $? = 0
configure:24162: result: yes
configure:24074: checking for strtoul
configure:24131: gcc -o conftest -O3 -ffast-math -std=c99    conftest.c  >&5
configure:24137: $? = 0
configure:24141: test -z 
			 || test ! -s conftest.err
configure:24144: $? = 0
configure:24147: test -s conftest
configure:24150: $? = 0
configure:24162: result: yes
configure:24174: checking for rand in -lm
configure:24204: gcc -o conftest -O3 -ffast-math -std=c99    conftest.c -lm   >&5
configure:24210: $? = 0
configure:24214: test -z 
			 || test ! -s conftest.err
configure:24217: $? = 0
configure:24220: test -s conftest
configure:24223: $? = 0
configure:24236: result: yes
configure:24256: checking for lbfgs in -llbfgs
configure:24286: gcc -o conftest -O3 -ffast-math -std=c99   -L/home/users/satre/biocreative/data/IAT/liblbfgs-1.9//lib  conftest.c -llbfgs  -lm  >&5
configure:24292: $? = 0
configure:24296: test -z 
			 || test ! -s conftest.err
configure:24299: $? = 0
configure:24302: test -s conftest
configure:24305: $? = 0
configure:24318: result: yes
configure:24459: creating ./config.status

## ---------------------- ##
## Running config.status. ##
## ---------------------- ##

This file was extended by config.status, which was
generated by GNU Autoconf 2.59.  Invocation command line was

  CONFIG_FILES    = 
  CONFIG_HEADERS  = 
  CONFIG_LINKS    = 
  CONFIG_COMMANDS = 
  $ ./config.status 

on mason10.is.s.u-tokyo.ac.jp

config.status:725: creating Makefile
config.status:725: creating genbinary.sh
config.status:725: creating lib/cqdb/Makefile
config.status:725: creating lib/crf/Makefile
config.status:725: creating frontend/Makefile
config.status:829: creating config.h
config.status:1013: config.h is unchanged
config.status:1193: executing depfiles commands

## ---------------- ##
## Cache variables. ##
## ---------------- ##

ac_cv_build=x86_64-redhat-linux-gnu
ac_cv_build_alias=x86_64-redhat-linux-gnu
ac_cv_c_compiler_gnu=yes
ac_cv_c_const=yes
ac_cv_cxx_compiler_gnu=yes
ac_cv_env_CC_set=
ac_cv_env_CC_value=
ac_cv_env_CFLAGS_set=
ac_cv_env_CFLAGS_value=
ac_cv_env_CPPFLAGS_set=
ac_cv_env_CPPFLAGS_value=
ac_cv_env_CPP_set=
ac_cv_env_CPP_value=
ac_cv_env_CXXCPP_set=
ac_cv_env_CXXCPP_value=
ac_cv_env_CXXFLAGS_set=
ac_cv_env_CXXFLAGS_value=
ac_cv_env_CXX_set=
ac_cv_env_CXX_value=
ac_cv_env_F77_set=
ac_cv_env_F77_value=
ac_cv_env_FFLAGS_set=
ac_cv_env_FFLAGS_value=
ac_cv_env_LDFLAGS_set=
ac_cv_env_LDFLAGS_value=
ac_cv_env_build_alias_set=
ac_cv_env_build_alias_value=
ac_cv_env_host_alias_set=
ac_cv_env_host_alias_value=
ac_cv_env_target_alias_set=
ac_cv_env_target_alias_value=
ac_cv_exeext=
ac_cv_f77_compiler_gnu=yes
ac_cv_func__doprnt=no
ac_cv_func_alloca_works=yes
ac_cv_func_memcmp_working=yes
ac_cv_func_strdup=yes
ac_cv_func_strerror=yes
ac_cv_func_strtol=yes
ac_cv_func_strtoul=yes
ac_cv_func_vprintf=yes
ac_cv_header_dlfcn_h=yes
ac_cv_header_fcntl_h=yes
ac_cv_header_inttypes_h=yes
ac_cv_header_limits_h=yes
ac_cv_header_malloc_h=yes
ac_cv_header_memory_h=yes
ac_cv_header_minix_config_h=no
ac_cv_header_stdc=yes
ac_cv_header_stdint_h=yes
ac_cv_header_stdlib_h=yes
ac_cv_header_string_h=yes
ac_cv_header_strings_h=yes
ac_cv_header_sys_stat_h=yes
ac_cv_header_sys_types_h=yes
ac_cv_header_unistd_h=yes
ac_cv_host=x86_64-redhat-linux-gnu
ac_cv_host_alias=x86_64-redhat-linux-gnu
ac_cv_lib_lbfgs_lbfgs=yes
ac_cv_lib_m_rand=yes
ac_cv_objext=o
ac_cv_path_install='/usr/bin/install -c'
ac_cv_prog_AWK=gawk
ac_cv_prog_CPP='gcc -E'
ac_cv_prog_CXXCPP='g++ -E'
ac_cv_prog_ac_ct_AR=ar
ac_cv_prog_ac_ct_CC=gcc
ac_cv_prog_ac_ct_CXX=g++
ac_cv_prog_ac_ct_F77=g77
ac_cv_prog_ac_ct_RANLIB=ranlib
ac_cv_prog_ac_ct_STRIP=strip
ac_cv_prog_cc_g=yes
ac_cv_prog_cc_stdc=
ac_cv_prog_cxx_g=yes
ac_cv_prog_egrep='grep -E'
ac_cv_prog_f77_g=yes
ac_cv_prog_make_make_set=yes
ac_cv_search_strerror='none required'
ac_cv_sizeof_=0
ac_cv_sizeof_int=4
ac_cv_sizeof_long=8
ac_cv_sizeof_short=2
ac_cv_sizeof_unsigned_int=4
ac_cv_sizeof_unsigned_long=8
ac_cv_sizeof_unsigned_short=2
ac_cv_struct_tm=time.h
ac_cv_type_=no
ac_cv_type_int=yes
ac_cv_type_long=yes
ac_cv_type_short=yes
ac_cv_type_size_t=yes
ac_cv_type_uint16_t=yes
ac_cv_type_uint32_t=yes
ac_cv_type_uint8_t=yes
ac_cv_type_unsigned_int=yes
ac_cv_type_unsigned_long=yes
ac_cv_type_unsigned_short=yes
ac_cv_working_alloca_h=yes
am_cv_CC_dependencies_compiler_type=gcc3
am_cv_CXX_dependencies_compiler_type=gcc3
lt_cv_deplibs_check_method=pass_all
lt_cv_file_magic_cmd='$MAGIC_CMD'
lt_cv_file_magic_test_file='/lib/libc.so.6 /lib/libc-2.3.4.so'
lt_cv_ld_reload_flag=-r
lt_cv_objdir=.libs
lt_cv_path_LD=/usr/bin/ld
lt_cv_path_LDCXX='/usr/bin/ld -m elf_x86_64'
lt_cv_path_NM='/usr/bin/nm -B'
lt_cv_path_SED=/bin/sed
lt_cv_prog_compiler_c_o=yes
lt_cv_prog_compiler_c_o_CXX=yes
lt_cv_prog_compiler_c_o_F77=yes
lt_cv_prog_compiler_rtti_exceptions=no
lt_cv_prog_gnu_ld=yes
lt_cv_prog_gnu_ldcxx=yes
lt_cv_sys_global_symbol_pipe='sed -n -e '\''s/^.*[ 	]\([ABCDGIRSTW][ABCDGIRSTW]*\)[ 	][ 	]*\(\)\([_A-Za-z][_A-Za-z0-9]*\)$/\1 \2\3 \3/p'\'''
lt_cv_sys_global_symbol_to_c_name_address='sed -n -e '\''s/^: \([^ ]*\) $/  {\"\1\", (lt_ptr) 0},/p'\'' -e '\''s/^[BCDEGRST] \([^ ]*\) \([^ ]*\)$/  {"\2", (lt_ptr) \&\2},/p'\'''
lt_cv_sys_global_symbol_to_cdecl='sed -n -e '\''s/^. .* \(.*\)$/extern int \1;/p'\'''
lt_cv_sys_max_cmd_len=32768
lt_lt_cv_prog_compiler_c_o='"yes"'
lt_lt_cv_prog_compiler_c_o_CXX='"yes"'
lt_lt_cv_prog_compiler_c_o_F77='"yes"'
lt_lt_cv_sys_global_symbol_pipe='"sed -n -e '\''s/^.*[ 	]\\([ABCDGIRSTW][ABCDGIRSTW]*\\)[ 	][ 	]*\\(\\)\\([_A-Za-z][_A-Za-z0-9]*\\)\$/\\1 \\2\\3 \\3/p'\''"'
lt_lt_cv_sys_global_symbol_to_c_name_address='"sed -n -e '\''s/^: \\([^ ]*\\) \$/  {\\\"\\1\\\", (lt_ptr) 0},/p'\'' -e '\''s/^[BCDEGRST] \\([^ ]*\\) \\([^ ]*\\)\$/  {\"\\2\", (lt_ptr) \\&\\2},/p'\''"'
lt_lt_cv_sys_global_symbol_to_cdecl='"sed -n -e '\''s/^. .* \\(.*\\)\$/extern int \\1;/p'\''"'

## ----------------- ##
## Output variables. ##
## ----------------- ##

ACLOCAL='${SHELL} /home/users/satre/biocreative/data/IAT/crfsuite-0.11/missing --run aclocal-1.9'
ALLOCA=''
AMDEPBACKSLASH='\'
AMDEP_FALSE='#'
AMDEP_TRUE=''
AMTAR='${SHELL} /home/users/satre/biocreative/data/IAT/crfsuite-0.11/missing --run tar'
ANSI2KNR=''
AR='ar'
AUTOCONF='${SHELL} /home/users/satre/biocreative/data/IAT/crfsuite-0.11/missing --run autoconf'
AUTOHEADER='${SHELL} /home/users/satre/biocreative/data/IAT/crfsuite-0.11/missing --run autoheader'
AUTOMAKE='${SHELL} /home/users/satre/biocreative/data/IAT/crfsuite-0.11/missing --run automake-1.9'
AWK='gawk'
CC='gcc'
CCDEPMODE='depmode=gcc3'
CFLAGS='-O3 -ffast-math -std=c99 '
CPP='gcc -E'
CPPFLAGS=''
CXX='g++'
CXXCPP='g++ -E'
CXXDEPMODE='depmode=gcc3'
CXXFLAGS='-g -O2'
CYGPATH_W='echo'
DEFS='-DHAVE_CONFIG_H'
DEPDIR='.deps'
ECHO='echo'
ECHO_C=''
ECHO_N='-n'
ECHO_T=''
EGREP='grep -E'
EXEEXT=''
F77='g77'
FFLAGS='-g -O2'
INCLUDES='-I/home/users/satre/biocreative/data/IAT/liblbfgs-1.9//include -I$(top_srcdir) -I$(top_srcdir)/include -I$(srcdir)'
INSTALL_DATA='${INSTALL} -m 644'
INSTALL_PROGRAM='${INSTALL}'
INSTALL_SCRIPT='${INSTALL}'
INSTALL_STRIP_PROGRAM='${SHELL} $(install_sh) -c -s'
LDFLAGS='-L/home/users/satre/biocreative/data/IAT/liblbfgs-1.9//lib '
LIBOBJS=''
LIBS='-llbfgs -lm '
LIBTOOL='$(SHELL) $(top_builddir)/libtool'
LN_S='ln -s'
LTLIBOBJS=''
MAINT='#'
MAINTAINER_MODE_FALSE=''
MAINTAINER_MODE_TRUE='#'
MAKEINFO='${SHELL} /home/users/satre/biocreative/data/IAT/crfsuite-0.11/missing --run makeinfo'
OBJEXT='o'
PACKAGE='crfsuite'
PACKAGE_BUGREPORT=''
PACKAGE_NAME=''
PACKAGE_STRING=''
PACKAGE_TARNAME=''
PACKAGE_VERSION=''
PATH_SEPARATOR=':'
RANLIB='ranlib'
SET_MAKE=''
SHELL='/bin/sh'
STRIP='strip'
U=''
VERSION='0.11'
ac_ct_AR='ar'
ac_ct_CC='gcc'
ac_ct_CXX='g++'
ac_ct_F77='g77'
ac_ct_RANLIB='ranlib'
ac_ct_STRIP='strip'
am__fastdepCC_FALSE='#'
am__fastdepCC_TRUE=''
am__fastdepCXX_FALSE='#'
am__fastdepCXX_TRUE=''
am__include='include'
am__leading_dot='.'
am__quote=''
am__tar='${AMTAR} chof - "$$tardir"'
am__untar='${AMTAR} xf -'
bindir='${exec_prefix}/bin'
build='x86_64-redhat-linux-gnu'
build_alias=''
build_cpu='x86_64'
build_os='linux-gnu'
build_vendor='redhat'
datadir='${prefix}/share'
exec_prefix='${prefix}'
host='x86_64-redhat-linux-gnu'
host_alias=''
host_cpu='x86_64'
host_os='linux-gnu'
host_vendor='redhat'
includedir='${prefix}/include'
infodir='${prefix}/info'
install_sh='/home/users/satre/biocreative/data/IAT/crfsuite-0.11/install-sh'
libdir='${exec_prefix}/lib'
libexecdir='${exec_prefix}/libexec'
localstatedir='${prefix}/var'
mandir='${prefix}/man'
mkdir_p='mkdir -p --'
oldincludedir='/usr/include'
prefix='/home/users/satre/biocreative/data/IAT/crfsuite-0.11'
program_transform_name='s,x,x,'
sbindir='${exec_prefix}/sbin'
sharedstatedir='${prefix}/com'
sysconfdir='${prefix}/etc'
target_alias=''

## ----------- ##
## confdefs.h. ##
## ----------- ##

#define HAVE_ALLOCA 1
#define HAVE_ALLOCA_H 1
#define HAVE_DLFCN_H 1
#define HAVE_FCNTL_H 1
#define HAVE_INTTYPES_H 1
#define HAVE_LIBLBFGS 1
#define HAVE_LIBM 1
#define HAVE_LIMITS_H 1
#define HAVE_MALLOC_H 1
#define HAVE_MEMORY_H 1
#define HAVE_STDINT_H 1
#define HAVE_STDINT_H 1
#define HAVE_STDLIB_H 1
#define HAVE_STRDUP 1
#define HAVE_STRERROR 1
#define HAVE_STRINGS_H 1
#define HAVE_STRINGS_H 1
#define HAVE_STRING_H 1
#define HAVE_STRING_H 1
#define HAVE_STRTOL 1
#define HAVE_STRTOUL 1
#define HAVE_SYS_STAT_H 1
#define HAVE_SYS_TYPES_H 1
#define HAVE_UINT16_T 1
#define HAVE_UINT32_T 1
#define HAVE_UINT8_T 1
#define HAVE_UNISTD_H 1
#define HAVE_UNISTD_H 1
#define HAVE_VPRINTF 1
#define PACKAGE "crfsuite"
#define PACKAGE_BUGREPORT ""
#define PACKAGE_NAME ""
#define PACKAGE_STRING ""
#define PACKAGE_TARNAME ""
#define PACKAGE_VERSION ""
#define PROTOTYPES 1
#define SIZEOF_ 0
#define SIZEOF_INT 4
#define SIZEOF_LONG 8
#define SIZEOF_SHORT 2
#define SIZEOF_UNSIGNED_INT 4
#define SIZEOF_UNSIGNED_LONG 8
#define SIZEOF_UNSIGNED_SHORT 2
#define STDC_HEADERS 1
#define STDC_HEADERS 1
#define VERSION "0.11"
#define __PROTOTYPES 1
#endif
#ifdef __cplusplus
extern "C" void exit (int) throw ();

configure: exit 0
